<?xml version="1.0" encoding="UTF-8"?>
<testng-results ignored="0" total="1" passed="1" failed="0" skipped="0">
  <reporter-output>
  </reporter-output>
  <suite started-at="2019-09-25T11:46:22 EDT" name="Surefire suite" finished-at="2019-09-25T11:46:36 EDT" duration-ms="14721">
    <groups>
    </groups>
    <test started-at="2019-09-25T11:46:22 EDT" name="Surefire test" finished-at="2019-09-25T11:46:36 EDT" duration-ms="14721">
      <class name="com.herokuapp.theinternet.PositiveTest">
        <test-method signature="loginTest()[pri:0, instance:com.herokuapp.theinternet.PositiveTest@436813f3]" started-at="2019-09-25T11:46:22 EDT" name="loginTest" finished-at="2019-09-25T11:46:36 EDT" duration-ms="14644" status="PASS">
          <reporter-output>
          </reporter-output>
        </test-method> <!-- loginTest -->
      </class> <!-- com.herokuapp.theinternet.PositiveTest -->
    </test> <!-- Surefire test -->
  </suite> <!-- Surefire suite -->
</testng-results>
